[2024-11-16 17:29:40,846: INFO: main: welcome to our custom log]
[2024-11-16 17:30:57,292: INFO: main: welcome to our custom log]
[2024-11-17 15:38:18,756: INFO: common: yaml_file:config\config.yaml loaded successfully]
[2024-11-17 15:38:18,776: INFO: common: yaml_file:params.yaml loaded successfully]
[2024-11-17 15:41:09,201: INFO: common: yaml_file:config\config.yaml loaded successfully]
[2024-11-17 15:41:09,205: INFO: common: yaml_file:params.yaml loaded successfully]
[2024-11-17 15:41:09,208: INFO: common: directory created at artifacts]
[2024-11-17 15:41:09,211: INFO: common: directory created at artifacts/data_ingestion]
[2024-11-17 15:41:20,044: INFO: common: yaml_file:config\config.yaml loaded successfully]
[2024-11-17 15:41:20,047: INFO: common: yaml_file:params.yaml loaded successfully]
[2024-11-17 15:41:20,050: INFO: common: directory created at artifacts]
[2024-11-17 15:41:20,052: INFO: common: directory created at artifacts/data_ingestion]
[2024-11-17 15:41:20,054: INFO: 1415331409: Downloading data from https://drive.google.com/file/d/1qD36YSYWKzn9rJDinGnSW777B6RXTA8O/view?usp=sharing into file artifacts/data_ingestion/data.zip]
[2024-11-17 15:41:49,167: INFO: 1415331409: Downloaded data from https://drive.google.com/file/d/1qD36YSYWKzn9rJDinGnSW777B6RXTA8O/view?usp=sharing into file artifacts/data_ingestion/data.zip]
[2024-11-17 16:02:04,756: INFO: main: welcome to our custom log]
[2024-11-17 16:02:27,495: INFO: main: >>>>>> stage Data Ingestion stage started <<<<<<]
[2024-11-17 16:02:27,498: INFO: common: yaml_file:config\config.yaml loaded successfully]
[2024-11-17 16:02:27,499: INFO: common: yaml_file:params.yaml loaded successfully]
[2024-11-17 16:02:27,502: INFO: common: directory created at artifacts]
[2024-11-17 16:02:27,504: INFO: common: directory created at artifacts/data_ingestion]
[2024-11-17 16:02:27,505: INFO: data_ingestion: Downloading data from https://drive.google.com/file/d/1qD36YSYWKzn9rJDinGnSW777B6RXTA8O/view?usp=sharing into file artifacts/data_ingestion/data.zip]
[2024-11-17 16:02:59,419: INFO: data_ingestion: Downloaded data from https://drive.google.com/file/d/1qD36YSYWKzn9rJDinGnSW777B6RXTA8O/view?usp=sharing into file artifacts/data_ingestion/data.zip]
[2024-11-17 16:03:02,325: INFO: main: >>>>>> stage Data Ingestion stage completed <<<<<<

x==========x]
[2024-11-17 19:01:40,884: INFO: common: yaml_file:config\config.yaml loaded successfully]
[2024-11-17 19:01:40,887: INFO: common: yaml_file:params.yaml loaded successfully]
[2024-11-17 19:01:40,890: INFO: common: directory created at artifacts]
[2024-11-17 19:05:31,089: INFO: common: yaml_file:config\config.yaml loaded successfully]
[2024-11-17 19:05:31,093: INFO: common: yaml_file:params.yaml loaded successfully]
[2024-11-17 19:05:31,096: INFO: common: directory created at artifacts]
[2024-11-17 19:06:56,029: INFO: common: yaml_file:config\config.yaml loaded successfully]
[2024-11-17 19:06:56,046: INFO: common: yaml_file:params.yaml loaded successfully]
[2024-11-17 19:06:56,050: INFO: common: directory created at artifacts]
[2024-11-17 19:06:56,051: INFO: common: directory created at artifacts/prepare_base_model]
[2024-11-17 19:07:09,677: WARNING: saving_utils: Compiled the loaded model, but the compiled metrics have yet to be built. `model.compile_metrics` will be empty until you train or evaluate the model.]
[2024-11-17 19:07:42,621: INFO: common: yaml_file:config\config.yaml loaded successfully]
[2024-11-17 19:07:42,625: INFO: common: yaml_file:params.yaml loaded successfully]
[2024-11-17 19:07:42,628: INFO: common: directory created at artifacts]
[2024-11-17 19:07:42,630: INFO: common: directory created at artifacts/prepare_base_model]
[2024-11-17 19:07:43,211: WARNING: saving_utils: Compiled the loaded model, but the compiled metrics have yet to be built. `model.compile_metrics` will be empty until you train or evaluate the model.]
[2024-11-17 19:08:04,552: INFO: common: yaml_file:config\config.yaml loaded successfully]
[2024-11-17 19:08:04,557: INFO: common: yaml_file:params.yaml loaded successfully]
[2024-11-17 19:08:04,560: INFO: common: directory created at artifacts]
[2024-11-17 19:08:04,564: INFO: common: directory created at artifacts/prepare_base_model]
[2024-11-17 19:08:05,397: WARNING: saving_utils: Compiled the loaded model, but the compiled metrics have yet to be built. `model.compile_metrics` will be empty until you train or evaluate the model.]
[2024-11-17 19:12:29,414: INFO: common: yaml_file:config\config.yaml loaded successfully]
[2024-11-17 19:12:29,419: INFO: common: yaml_file:params.yaml loaded successfully]
[2024-11-17 19:12:29,422: INFO: common: directory created at artifacts]
[2024-11-17 19:12:29,424: INFO: common: directory created at artifacts/prepare_base_model]
[2024-11-17 19:12:30,102: WARNING: saving_utils: Compiled the loaded model, but the compiled metrics have yet to be built. `model.compile_metrics` will be empty until you train or evaluate the model.]
[2024-11-17 19:27:23,291: INFO: main: >>>>>> stage Data Ingestion stage started <<<<<<]
[2024-11-17 19:27:23,295: INFO: common: yaml_file:config\config.yaml loaded successfully]
[2024-11-17 19:27:23,298: INFO: common: yaml_file:params.yaml loaded successfully]
[2024-11-17 19:27:23,300: INFO: common: directory created at artifacts]
[2024-11-17 19:27:23,301: INFO: common: directory created at artifacts/data_ingestion]
[2024-11-17 19:27:23,301: INFO: data_ingestion: Downloading data from https://drive.google.com/file/d/1qD36YSYWKzn9rJDinGnSW777B6RXTA8O/view?usp=sharing into file artifacts/data_ingestion/data.zip]
[2024-11-17 19:27:51,225: INFO: data_ingestion: Downloaded data from https://drive.google.com/file/d/1qD36YSYWKzn9rJDinGnSW777B6RXTA8O/view?usp=sharing into file artifacts/data_ingestion/data.zip]
[2024-11-17 19:27:53,750: INFO: main: >>>>>> stage Data Ingestion stage completed <<<<<<

x==========x]
[2024-11-17 19:27:53,751: INFO: main: *******************]
[2024-11-17 19:27:53,751: INFO: main: >>>>>> stage Prepare base model started <<<<<<]
[2024-11-17 19:27:53,755: INFO: common: yaml_file:config\config.yaml loaded successfully]
[2024-11-17 19:27:53,760: INFO: common: yaml_file:params.yaml loaded successfully]
[2024-11-17 19:27:53,760: INFO: common: directory created at artifacts]
[2024-11-17 19:27:53,762: INFO: common: directory created at artifacts/prepare_base_model]
[2024-11-17 19:27:54,594: WARNING: saving_utils: Compiled the loaded model, but the compiled metrics have yet to be built. `model.compile_metrics` will be empty until you train or evaluate the model.]
[2024-11-17 19:27:55,004: INFO: main: >>>>>> stage Prepare base model completed <<<<<<

x==========x]
